0 info it worked if it ends with ok
1 verbose cli [ 'C:\\Program Files\\nodejs\\node.exe',
1 verbose cli   'C:\\Program Files\\nodejs\\node_modules\\npm\\bin\\npm-cli.js',
1 verbose cli   'install',
1 verbose cli   'express',
1 verbose cli   'request',
1 verbose cli   'body-parser',
1 verbose cli   'railbot',
1 verbose cli   '--save' ]
2 info using npm@3.10.10
3 info using node@v6.10.0
4 silly loadCurrentTree Starting
5 silly install loadCurrentTree
6 silly install readLocalPackageData
7 silly fetchPackageMetaData express
8 silly fetchPackageMetaData request
9 silly fetchPackageMetaData body-parser
10 silly fetchPackageMetaData railbot
11 silly fetchNamedPackageData express
12 silly mapToRegistry name express
13 silly mapToRegistry using default registry
14 silly mapToRegistry registry https://registry.npmjs.org/
15 silly mapToRegistry data Result {
15 silly mapToRegistry   raw: 'express',
15 silly mapToRegistry   scope: null,
15 silly mapToRegistry   escapedName: 'express',
15 silly mapToRegistry   name: 'express',
15 silly mapToRegistry   rawSpec: '',
15 silly mapToRegistry   spec: 'latest',
15 silly mapToRegistry   type: 'tag' }
16 silly mapToRegistry uri https://registry.npmjs.org/express
17 silly fetchNamedPackageData request
18 silly mapToRegistry name request
19 silly mapToRegistry using default registry
20 silly mapToRegistry registry https://registry.npmjs.org/
21 silly mapToRegistry data Result {
21 silly mapToRegistry   raw: 'request',
21 silly mapToRegistry   scope: null,
21 silly mapToRegistry   escapedName: 'request',
21 silly mapToRegistry   name: 'request',
21 silly mapToRegistry   rawSpec: '',
21 silly mapToRegistry   spec: 'latest',
21 silly mapToRegistry   type: 'tag' }
22 silly mapToRegistry uri https://registry.npmjs.org/request
23 silly fetchNamedPackageData body-parser
24 silly mapToRegistry name body-parser
25 silly mapToRegistry using default registry
26 silly mapToRegistry registry https://registry.npmjs.org/
27 silly mapToRegistry data Result {
27 silly mapToRegistry   raw: 'body-parser',
27 silly mapToRegistry   scope: null,
27 silly mapToRegistry   escapedName: 'body-parser',
27 silly mapToRegistry   name: 'body-parser',
27 silly mapToRegistry   rawSpec: '',
27 silly mapToRegistry   spec: 'latest',
27 silly mapToRegistry   type: 'tag' }
28 silly mapToRegistry uri https://registry.npmjs.org/body-parser
29 silly fetchNamedPackageData railbot
30 silly mapToRegistry name railbot
31 silly mapToRegistry using default registry
32 silly mapToRegistry registry https://registry.npmjs.org/
33 silly mapToRegistry data Result {
33 silly mapToRegistry   raw: 'railbot',
33 silly mapToRegistry   scope: null,
33 silly mapToRegistry   escapedName: 'railbot',
33 silly mapToRegistry   name: 'railbot',
33 silly mapToRegistry   rawSpec: '',
33 silly mapToRegistry   spec: 'latest',
33 silly mapToRegistry   type: 'tag' }
34 silly mapToRegistry uri https://registry.npmjs.org/railbot
35 verbose request uri https://registry.npmjs.org/express
36 verbose request no auth needed
37 info attempt registry request try #1 at 11:06:11 PM
38 verbose request id facb6e2b192cb252
39 http request GET https://registry.npmjs.org/express
40 verbose request uri https://registry.npmjs.org/request
41 verbose request no auth needed
42 info attempt registry request try #1 at 11:06:11 PM
43 http request GET https://registry.npmjs.org/request
44 verbose request uri https://registry.npmjs.org/body-parser
45 verbose request no auth needed
46 info attempt registry request try #1 at 11:06:11 PM
47 http request GET https://registry.npmjs.org/body-parser
48 verbose request uri https://registry.npmjs.org/railbot
49 verbose request no auth needed
50 info attempt registry request try #1 at 11:06:11 PM
51 http request GET https://registry.npmjs.org/railbot
52 http 200 https://registry.npmjs.org/body-parser
53 verbose headers { server: 'nginx/1.10.1',
53 verbose headers   'content-type': 'application/json',
53 verbose headers   'last-modified': 'Fri, 10 Mar 2017 00:29:49 GMT',
53 verbose headers   etag: 'W/"58c1f37d-20160"',
53 verbose headers   'content-encoding': 'gzip',
53 verbose headers   'cache-control': 'max-age=300',
53 verbose headers   'content-length': '14531',
53 verbose headers   'accept-ranges': 'bytes',
53 verbose headers   date: 'Fri, 10 Mar 2017 17:36:12 GMT',
53 verbose headers   via: '1.1 varnish',
53 verbose headers   age: '97',
53 verbose headers   connection: 'keep-alive',
53 verbose headers   'x-served-by': 'cache-lcy1120-LCY',
53 verbose headers   'x-cache': 'HIT',
53 verbose headers   'x-cache-hits': '1',
53 verbose headers   'x-timer': 'S1489167372.172274,VS0,VE0',
53 verbose headers   vary: 'Accept-Encoding' }
54 silly get cb [ 200,
54 silly get   { server: 'nginx/1.10.1',
54 silly get     'content-type': 'application/json',
54 silly get     'last-modified': 'Fri, 10 Mar 2017 00:29:49 GMT',
54 silly get     etag: 'W/"58c1f37d-20160"',
54 silly get     'content-encoding': 'gzip',
54 silly get     'cache-control': 'max-age=300',
54 silly get     'content-length': '14531',
54 silly get     'accept-ranges': 'bytes',
54 silly get     date: 'Fri, 10 Mar 2017 17:36:12 GMT',
54 silly get     via: '1.1 varnish',
54 silly get     age: '97',
54 silly get     connection: 'keep-alive',
54 silly get     'x-served-by': 'cache-lcy1120-LCY',
54 silly get     'x-cache': 'HIT',
54 silly get     'x-cache-hits': '1',
54 silly get     'x-timer': 'S1489167372.172274,VS0,VE0',
54 silly get     vary: 'Accept-Encoding' } ]
55 verbose get saving body-parser to C:\Users\saikrishna\AppData\Roaming\npm-cache\registry.npmjs.org\body-parser\.cache.json
56 verbose correctMkdir C:\Users\saikrishna\AppData\Roaming\npm-cache correctMkdir not in flight; initializing
57 verbose makeDirectory C:\Users\saikrishna\AppData\Roaming\npm-cache creation not in flight; initializing
58 verbose makeCacheDir UID & GID are irrelevant on win32
59 http 200 https://registry.npmjs.org/request
60 verbose headers { server: 'nginx/1.10.1',
60 verbose headers   'content-type': 'application/json',
60 verbose headers   'last-modified': 'Fri, 10 Mar 2017 10:46:18 GMT',
60 verbose headers   etag: 'W/"58c283fa-370aa"',
60 verbose headers   'content-encoding': 'gzip',
60 verbose headers   'cache-control': 'max-age=300',
60 verbose headers   'content-length': '33946',
60 verbose headers   'accept-ranges': 'bytes',
60 verbose headers   date: 'Fri, 10 Mar 2017 17:36:12 GMT',
60 verbose headers   via: '1.1 varnish',
60 verbose headers   age: '213',
60 verbose headers   connection: 'keep-alive',
60 verbose headers   'x-served-by': 'cache-lcy1147-LCY',
60 verbose headers   'x-cache': 'HIT',
60 verbose headers   'x-cache-hits': '5',
60 verbose headers   'x-timer': 'S1489167372.183888,VS0,VE0',
60 verbose headers   vary: 'Accept-Encoding' }
61 silly get cb [ 200,
61 silly get   { server: 'nginx/1.10.1',
61 silly get     'content-type': 'application/json',
61 silly get     'last-modified': 'Fri, 10 Mar 2017 10:46:18 GMT',
61 silly get     etag: 'W/"58c283fa-370aa"',
61 silly get     'content-encoding': 'gzip',
61 silly get     'cache-control': 'max-age=300',
61 silly get     'content-length': '33946',
61 silly get     'accept-ranges': 'bytes',
61 silly get     date: 'Fri, 10 Mar 2017 17:36:12 GMT',
61 silly get     via: '1.1 varnish',
61 silly get     age: '213',
61 silly get     connection: 'keep-alive',
61 silly get     'x-served-by': 'cache-lcy1147-LCY',
61 silly get     'x-cache': 'HIT',
61 silly get     'x-cache-hits': '5',
61 silly get     'x-timer': 'S1489167372.183888,VS0,VE0',
61 silly get     vary: 'Accept-Encoding' } ]
62 verbose get saving request to C:\Users\saikrishna\AppData\Roaming\npm-cache\registry.npmjs.org\request\.cache.json
63 verbose correctMkdir C:\Users\saikrishna\AppData\Roaming\npm-cache correctMkdir not in flight; initializing
64 http 200 https://registry.npmjs.org/express
65 verbose headers { server: 'nginx/1.10.1',
65 verbose headers   'content-type': 'application/json',
65 verbose headers   'last-modified': 'Fri, 10 Mar 2017 04:33:11 GMT',
65 verbose headers   etag: 'W/"58c22c87-8b7a8"',
65 verbose headers   'content-encoding': 'gzip',
65 verbose headers   'cache-control': 'max-age=300',
65 verbose headers   'content-length': '43037',
65 verbose headers   'accept-ranges': 'bytes',
65 verbose headers   date: 'Fri, 10 Mar 2017 17:36:12 GMT',
65 verbose headers   via: '1.1 varnish',
65 verbose headers   age: '6',
65 verbose headers   connection: 'keep-alive',
65 verbose headers   'x-served-by': 'cache-lcy1122-LCY',
65 verbose headers   'x-cache': 'HIT',
65 verbose headers   'x-cache-hits': '2',
65 verbose headers   'x-timer': 'S1489167372.163932,VS0,VE0',
65 verbose headers   vary: 'Accept-Encoding' }
66 silly get cb [ 200,
66 silly get   { server: 'nginx/1.10.1',
66 silly get     'content-type': 'application/json',
66 silly get     'last-modified': 'Fri, 10 Mar 2017 04:33:11 GMT',
66 silly get     etag: 'W/"58c22c87-8b7a8"',
66 silly get     'content-encoding': 'gzip',
66 silly get     'cache-control': 'max-age=300',
66 silly get     'content-length': '43037',
66 silly get     'accept-ranges': 'bytes',
66 silly get     date: 'Fri, 10 Mar 2017 17:36:12 GMT',
66 silly get     via: '1.1 varnish',
66 silly get     age: '6',
66 silly get     connection: 'keep-alive',
66 silly get     'x-served-by': 'cache-lcy1122-LCY',
66 silly get     'x-cache': 'HIT',
66 silly get     'x-cache-hits': '2',
66 silly get     'x-timer': 'S1489167372.163932,VS0,VE0',
66 silly get     vary: 'Accept-Encoding' } ]
67 verbose get saving express to C:\Users\saikrishna\AppData\Roaming\npm-cache\registry.npmjs.org\express\.cache.json
68 verbose correctMkdir C:\Users\saikrishna\AppData\Roaming\npm-cache correctMkdir not in flight; initializing
69 http 404 https://registry.npmjs.org/railbot
70 verbose headers { 'content-type': 'application/json',
70 verbose headers   'cache-control': 'max-age=0',
70 verbose headers   'content-length': '2',
70 verbose headers   'accept-ranges': 'bytes',
70 verbose headers   date: 'Fri, 10 Mar 2017 17:36:12 GMT',
70 verbose headers   via: '1.1 varnish',
70 verbose headers   age: '0',
70 verbose headers   connection: 'keep-alive',
70 verbose headers   'x-served-by': 'cache-lcy1129-LCY',
70 verbose headers   'x-cache': 'MISS',
70 verbose headers   'x-cache-hits': '0',
70 verbose headers   'x-timer': 'S1489167372.189772,VS0,VE650',
70 verbose headers   vary: 'Accept-Encoding' }
71 silly get cb [ 404,
71 silly get   { 'content-type': 'application/json',
71 silly get     'cache-control': 'max-age=0',
71 silly get     'content-length': '2',
71 silly get     'accept-ranges': 'bytes',
71 silly get     date: 'Fri, 10 Mar 2017 17:36:12 GMT',
71 silly get     via: '1.1 varnish',
71 silly get     age: '0',
71 silly get     connection: 'keep-alive',
71 silly get     'x-served-by': 'cache-lcy1129-LCY',
71 silly get     'x-cache': 'MISS',
71 silly get     'x-cache-hits': '0',
71 silly get     'x-timer': 'S1489167372.189772,VS0,VE650',
71 silly get     vary: 'Accept-Encoding' } ]
72 silly fetchPackageMetaData Error: Registry returned 404 for GET on https://registry.npmjs.org/railbot
72 silly fetchPackageMetaData     at makeError (C:\Program Files\nodejs\node_modules\npm\node_modules\npm-registry-client\lib\request.js:302:12)
72 silly fetchPackageMetaData     at CachingRegistryClient.<anonymous> (C:\Program Files\nodejs\node_modules\npm\node_modules\npm-registry-client\lib\request.js:280:14)
72 silly fetchPackageMetaData     at Request._callback (C:\Program Files\nodejs\node_modules\npm\node_modules\npm-registry-client\lib\request.js:210:14)
72 silly fetchPackageMetaData     at Request.self.callback (C:\Program Files\nodejs\node_modules\npm\node_modules\request\request.js:187:22)
72 silly fetchPackageMetaData     at emitTwo (events.js:106:13)
72 silly fetchPackageMetaData     at Request.emit (events.js:191:7)
72 silly fetchPackageMetaData     at Request.<anonymous> (C:\Program Files\nodejs\node_modules\npm\node_modules\request\request.js:1048:10)
72 silly fetchPackageMetaData     at emitOne (events.js:96:13)
72 silly fetchPackageMetaData     at Request.emit (events.js:188:7)
72 silly fetchPackageMetaData     at IncomingMessage.<anonymous> (C:\Program Files\nodejs\node_modules\npm\node_modules\request\request.js:969:12)
72 silly fetchPackageMetaData  error for railbot { Error: Registry returned 404 for GET on https://registry.npmjs.org/railbot
72 silly fetchPackageMetaData     at makeError (C:\Program Files\nodejs\node_modules\npm\node_modules\npm-registry-client\lib\request.js:302:12)
72 silly fetchPackageMetaData     at CachingRegistryClient.<anonymous> (C:\Program Files\nodejs\node_modules\npm\node_modules\npm-registry-client\lib\request.js:280:14)
72 silly fetchPackageMetaData     at Request._callback (C:\Program Files\nodejs\node_modules\npm\node_modules\npm-registry-client\lib\request.js:210:14)
72 silly fetchPackageMetaData     at Request.self.callback (C:\Program Files\nodejs\node_modules\npm\node_modules\request\request.js:187:22)
72 silly fetchPackageMetaData     at emitTwo (events.js:106:13)
72 silly fetchPackageMetaData     at Request.emit (events.js:191:7)
72 silly fetchPackageMetaData     at Request.<anonymous> (C:\Program Files\nodejs\node_modules\npm\node_modules\request\request.js:1048:10)
72 silly fetchPackageMetaData     at emitOne (events.js:96:13)
72 silly fetchPackageMetaData     at Request.emit (events.js:188:7)
72 silly fetchPackageMetaData     at IncomingMessage.<anonymous> (C:\Program Files\nodejs\node_modules\npm\node_modules\request\request.js:969:12) pkgid: 'railbot', statusCode: 404, code: 'E404' }
73 silly rollbackFailedOptional Starting
74 silly rollbackFailedOptional Finishing
75 silly runTopLevelLifecycles Finishing
76 silly install printInstalled
77 verbose stack Error: Registry returned 404 for GET on https://registry.npmjs.org/railbot
77 verbose stack     at makeError (C:\Program Files\nodejs\node_modules\npm\node_modules\npm-registry-client\lib\request.js:302:12)
77 verbose stack     at CachingRegistryClient.<anonymous> (C:\Program Files\nodejs\node_modules\npm\node_modules\npm-registry-client\lib\request.js:280:14)
77 verbose stack     at Request._callback (C:\Program Files\nodejs\node_modules\npm\node_modules\npm-registry-client\lib\request.js:210:14)
77 verbose stack     at Request.self.callback (C:\Program Files\nodejs\node_modules\npm\node_modules\request\request.js:187:22)
77 verbose stack     at emitTwo (events.js:106:13)
77 verbose stack     at Request.emit (events.js:191:7)
77 verbose stack     at Request.<anonymous> (C:\Program Files\nodejs\node_modules\npm\node_modules\request\request.js:1048:10)
77 verbose stack     at emitOne (events.js:96:13)
77 verbose stack     at Request.emit (events.js:188:7)
77 verbose stack     at IncomingMessage.<anonymous> (C:\Program Files\nodejs\node_modules\npm\node_modules\request\request.js:969:12)
78 verbose statusCode 404
79 verbose pkgid railbot
80 verbose cwd C:\Users\saikrishna\Desktop\railbot
81 error Windows_NT 6.3.9600
82 error argv "C:\\Program Files\\nodejs\\node.exe" "C:\\Program Files\\nodejs\\node_modules\\npm\\bin\\npm-cli.js" "install" "express" "request" "body-parser" "railbot" "--save"
83 error node v6.10.0
84 error npm  v3.10.10
85 error code E404
86 error 404 Registry returned 404 for GET on https://registry.npmjs.org/railbot
87 error 404
88 error 404 'railbot' is not in the npm registry.
89 error 404 You should bug the author to publish it (or use the name yourself!)
90 error 404 Note that you can also install from a
91 error 404 tarball, folder, http url, or git url.
92 verbose exit [ 1, true ]
